+ ld obj/kern/kernel
+ mk obj/kern/kernel.img
6828 decimal is 15254 octal!
Physical memory: 131072K available, base = 640K, extended = 130432K
check_page_free_list() succeeded!
check_page_alloc() succeeded!
check_page() succeeded!
check_kern_pgdir() succeeded!
check_page_free_list() succeeded!
check_page_installed_pgdir() succeeded!
envs: f01b4000, e: f01b4000, e->env_id: 1000
env_id, 1000
[00000000] new env 00001000
p_memsz: 3cbf, p_filesz: 3cbf
p_memsz: fb4, p_filesz: fb4
p_memsz: 8, p_filesz: 4

Incoming TRAP frame at 0xefffffbc
SYSTEM CALL

Incoming TRAP frame at 0xefffffbc
SYSTEM CALL
user_mem_check va: f010000c, len: 64
[00001000] user_mem_check assertion failure for va f010000c
[00001000] free env 00001000
Destroyed the only environment - nothing more to do!
Welcome to the JOS kernel monitor!
Type 'help' for a list of commands.
qemu: terminating on signal 15 from pid 5940
